<?xml version="1.0" encoding="UTF-8"?>
<!-- Generated by org.testng.reporters.JUnitXMLReporter -->
<testsuite hostname="DESKTOP-KG1G495" ignored="0" name="Regression 1" tests="7" failures="0" timestamp="21 Sep 2018 12:50:04 GMT" time="31.243" errors="0">
  <testcase name="LoadBrowser" time="4.284" classname="testCases.Tc_DataFromEXCEL"/>
  <testcase name="LoadingURLFromEXCEL" time="4.721" classname="testCases.Tc_DataFromEXCEL"/>
  <testcase name="LoginToApp" time="2.325" classname="testCases.Tc_DataFromEXCEL"/>
  <testcase name="Flight_Details" time="1.397" classname="testCases.Tc_DataFromEXCEL"/>
  <testcase name="SelectingFlights" time="1.372" classname="testCases.Tc_DataFromEXCEL"/>
  <testcase name="PassengerDetails" time="15.386" classname="testCases.Tc_DataFromEXCEL"/>
  <testcase name="quitAll" time="0.914" classname="testCases.Tc_DataFromEXCEL"/>
</testsuite> <!-- Regression 1 -->
