<?xml version="1.0" encoding="UTF-8"?>
<!-- Generated by org.testng.reporters.JUnitXMLReporter -->
<testsuite hostname="DESKTOP-KG1G495" ignored="0" name="Test" tests="5" failures="0" timestamp="10 Sep 2018 10:56:36 GMT" time="15.826" errors="0">
  <testcase name="BrowserInvoke" time="7.79" classname="testCases.TC_EndToEnd"/>
  <testcase name="LogginOperation" time="2.332" classname="testCases.TC_EndToEnd"/>
  <testcase name="ContinueToFlightOptions" time="0.719" classname="testCases.TC_EndToEnd"/>
  <testcase name="DepartingCitySelect" time="1.193" classname="testCases.TC_EndToEnd"/>
  <testcase name="PassengerDEtails" time="1.908" classname="testCases.TC_EndToEnd"/>
</testsuite> <!-- Test -->
