<?xml version="1.0" encoding="UTF-8"?>
<testng-results skipped="0" failed="0" ignored="0" total="7" passed="7">
  <reporter-output>
  </reporter-output>
  <suite name="Default suite" duration-ms="76102" started-at="2018-09-20T10:12:15Z" finished-at="2018-09-20T10:13:31Z">
    <groups>
      <group name="Smoke">
        <method signature="Tc_DataFromEXCEL.LoadBrowser()[pri:0, instance:testCases.Tc_DataFromEXCEL@1593948d]" name="LoadBrowser" class="testCases.Tc_DataFromEXCEL"/>
        <method signature="Tc_DataFromEXCEL.LoadingURLFromEXCEL(java.lang.String)[pri:1, instance:testCases.Tc_DataFromEXCEL@1593948d]" name="LoadingURLFromEXCEL" class="testCases.Tc_DataFromEXCEL"/>
        <method signature="Tc_DataFromEXCEL.quitAll()[pri:6, instance:testCases.Tc_DataFromEXCEL@1593948d]" name="quitAll" class="testCases.Tc_DataFromEXCEL"/>
      </group> <!-- Smoke -->
    </groups>
    <test name="Default test" duration-ms="76102" started-at="2018-09-20T10:12:15Z" finished-at="2018-09-20T10:13:31Z">
      <class name="testCases.Tc_DataFromEXCEL">
        <test-method status="PASS" signature="LoadBrowser()[pri:0, instance:testCases.Tc_DataFromEXCEL@1593948d]" name="LoadBrowser" duration-ms="3622" started-at="2018-09-20T15:42:15Z" finished-at="2018-09-20T15:42:19Z">
          <reporter-output>
          </reporter-output>
        </test-method> <!-- LoadBrowser -->
        <test-method status="PASS" signature="LoadingURLFromEXCEL(java.lang.String)[pri:1, instance:testCases.Tc_DataFromEXCEL@1593948d]" name="LoadingURLFromEXCEL" duration-ms="3838" started-at="2018-09-20T15:42:19Z" data-provider="ExcelLoadURL" finished-at="2018-09-20T15:42:23Z">
          <params>
            <param index="0">
              <value>
                <![CDATA[http://newtours.demoaut.com/]]>
              </value>
            </param>
          </params>
          <reporter-output>
          </reporter-output>
        </test-method> <!-- LoadingURLFromEXCEL -->
        <test-method status="PASS" signature="LoginToApp(java.lang.String, java.lang.String)[pri:2, instance:testCases.Tc_DataFromEXCEL@1593948d]" name="LoginToApp" duration-ms="47900" started-at="2018-09-20T15:42:23Z" data-provider="ExcelLogin" finished-at="2018-09-20T15:43:11Z">
          <params>
            <param index="0">
              <value>
                <![CDATA[akshaymarathe31]]>
              </value>
            </param>
            <param index="1">
              <value>
                <![CDATA[akshaymarathe]]>
              </value>
            </param>
          </params>
          <reporter-output>
          </reporter-output>
        </test-method> <!-- LoginToApp -->
        <test-method status="PASS" signature="Flight_Details()[pri:3, instance:testCases.Tc_DataFromEXCEL@1593948d]" name="Flight_Details" duration-ms="1448" started-at="2018-09-20T15:43:11Z" finished-at="2018-09-20T15:43:13Z">
          <reporter-output>
          </reporter-output>
        </test-method> <!-- Flight_Details -->
        <test-method status="PASS" signature="SelectingFlights()[pri:4, instance:testCases.Tc_DataFromEXCEL@1593948d]" name="SelectingFlights" duration-ms="1727" started-at="2018-09-20T15:43:13Z" finished-at="2018-09-20T15:43:14Z">
          <reporter-output>
          </reporter-output>
        </test-method> <!-- SelectingFlights -->
        <test-method status="PASS" signature="PassengerDetails(java.lang.String, java.lang.String, java.lang.String, java.lang.String, java.lang.String, java.lang.String, java.lang.String, java.lang.String, java.lang.String, java.lang.String)[pri:5, instance:testCases.Tc_DataFromEXCEL@1593948d]" name="PassengerDetails" duration-ms="16004" started-at="2018-09-20T15:43:15Z" data-provider="PassengerDetails" finished-at="2018-09-20T15:43:31Z">
          <params>
            <param index="0">
              <value>
                <![CDATA[akky]]>
              </value>
            </param>
            <param index="1">
              <value>
                <![CDATA[rocky]]>
              </value>
            </param>
            <param index="2">
              <value>
                <![CDATA[CNumber]]>
              </value>
            </param>
            <param index="3">
              <value>
                <![CDATA[Cname]]>
              </value>
            </param>
            <param index="4">
              <value>
                <![CDATA[Clast]]>
              </value>
            </param>
            <param index="5">
              <value>
                <![CDATA[wakad]]>
              </value>
            </param>
            <param index="6">
              <value>
                <![CDATA[Pune]]>
              </value>
            </param>
            <param index="7">
              <value>
                <![CDATA[MA]]>
              </value>
            </param>
            <param index="8">
              <value>
                <![CDATA[Pin]]>
              </value>
            </param>
            <param index="9">
              <value>
                <![CDATA[Test]]>
              </value>
            </param>
          </params>
          <reporter-output>
          </reporter-output>
        </test-method> <!-- PassengerDetails -->
        <test-method status="PASS" signature="quitAll()[pri:6, instance:testCases.Tc_DataFromEXCEL@1593948d]" name="quitAll" duration-ms="682" started-at="2018-09-20T15:43:31Z" finished-at="2018-09-20T15:43:31Z">
          <reporter-output>
          </reporter-output>
        </test-method> <!-- quitAll -->
      </class> <!-- testCases.Tc_DataFromEXCEL -->
    </test> <!-- Default test -->
  </suite> <!-- Default suite -->
</testng-results>
